Arguments: 
  C:\Program Files\nodejs10\node.exe C:\Users\paulo\AppData\Roaming\npm\node_modules\yarn\bin\yarn.js add axios

PATH: 
  C:\ProgramData\Oracle\Java\javapath;C:\Program Files (x86)\Common Files\Intel\Shared Files\cpp\bin\Intel64;C:\Windows\system32;C:\Windows;C:\Windows\System32\Wbem;C:\Windows\System32\WindowsPowerShell\v1.0\;C:\Program Files (x86)\NVIDIA Corporation\PhysX\Common;C:\WINDOWS\system32;C:\WINDOWS;C:\WINDOWS\System32\Wbem;C:\WINDOWS\System32\WindowsPowerShell\v1.0\;C:\Program Files\PuTTY\;C:\Program Files (x86)\OpenVPN\bin;C:\Users\paulo\AppData\Local\Android\Sdk\platform-tools;C:\Program Files\CMake\bin;C:\MinGW\bin;C:\MinGW\lib;C:\MinGW\include;C:\Program Files\Microsoft SQL Server\120\Tools\Binn\;C:\Program Files (x86)\Windows Kits\10\Windows Performance Toolkit\;C:\Users\paulo\.dnx\bin;C:\Program Files\Microsoft DNX\Dnvm\;C:\Program Files\VDownloader;C:\Program Files\nodejs10\;D:\Desenvolvimento\GitHub\Git\cmd;D:\Desenvolvimento\AndroidSDK\platform-tools;D:\Desenvolvimento\AndroidSDK\tools;D:\Desenvolvimento\AndroidSDK\tools\bin;D:\MatLab\runtime\win64;D:\MatLab\bin;C:\Users\paulo\AppData\Local\Microsoft\WindowsApps;C:\Users\paulo\AppData\Local\GitHubDesktop\bin;C:\Users\paulo\AppData\Roaming\npm;D:\Desenvolvimento\AndroidSDK\platform-tools\tools;D:\Desenvolvimento\AndroidSDK\platform-tools\tools\bin;D:\Desenvolvimento\AndroidSDK\platform-tools\platform-tools

Yarn version: 
  1.10.1

Node version: 
  10.2.1

Platform: 
  win32 x64

Trace: 
  Error: EPERM: operation not permitted, unlink 'D:\Desenvolvimento\GitHub\MyFirstApp\node_modules\deep-extend\lib'

npm manifest: 
  {
    "name": "empty-project-template",
    "main": "node_modules/expo/AppEntry.js",
    "private": true,
    "scripts": {
      "start": "expo start",
      "android": "expo start --android",
      "ios": "expo start --ios",
      "eject": "expo eject"
    },
    "dependencies": {
      "expo": "^30.0.1",
      "react": "16.3.1",
      "react-native": "https://github.com/expo/react-native/archive/sdk-30.0.0.tar.gz"
    }
  }

yarn manifest: 
  No manifest

Lockfile: 
  No lockfile
